ToDoList/app/build/outputs/logs/manifest-merger-debug-report.txt
-- Merging decision tree log ---
manifest
ADDED from src\main\AndroidManifest.xml:2:1-56:12
	package
		ADDED from src\main\AndroidManifest.xml:3:5-41
		INJECTED from src\main\AndroidManifest.xml
		INJECTED from src\main\AndroidManifest.xml
	android:versionName
		INJECTED from src\main\AndroidManifest.xml
		INJECTED from src\main\AndroidManifest.xml
	xmlns:android
		ADDED from src\main\AndroidManifest.xml:2:11-69
	android:versionCode
		INJECTED from src\main\AndroidManifest.xml
		INJECTED from src\main\AndroidManifest.xml
uses-permission#ANDROID.PERMISSION.INTERNET
ADDED from src\main\AndroidManifest.xml:5:5-66
	android:name
		ADDED from src\main\AndroidManifest.xml:5:22-64
uses-permission#ANDROID.PERMISSION.ACCESS_NETWORK_STATE
ADDED from src\main\AndroidManifest.xml:6:5-78
	android:name
		ADDED from src\main\AndroidManifest.xml:6:22-76
application
ADDED from src\main\AndroidManifest.xml:12:5-53:19
MERGED from [uk.co.chrisjenx:calligraphy:2.1.0] AndroidManifest.xml:11:5-20
MERGED from [com.wdullaer:materialdatetimepicker:1.5.1] AndroidManifest.xml:28:5-20
MERGED from [com.amulyakhare:com.amulyakhare.textdrawable:1.0.1] AndroidManifest.xml:12:5-20
MERGED from [com.android.support:design:23.1.0] AndroidManifest.xml:22:5-20
MERGED from [com.android.support:appcompat-v7:23.1.0] AndroidManifest.xml:22:5-20
MERGED from [com.android.support:support-v13:23.1.0] AndroidManifest.xml:22:5-20
MERGED from [com.android.support:support-v4:23.1.0] AndroidManifest.xml:22:5-20
	android:label
		ADDED from src\main\AndroidManifest.xml:15:9-41
	android:allowBackup
		ADDED from src\main\AndroidManifest.xml:13:9-35
	android:icon
		ADDED from src\main\AndroidManifest.xml:14:9-43
	android:theme
		ADDED from src\main\AndroidManifest.xml:16:9-53
activity#ashishgru.acagild.todolist.MainActivity
ADDED from src\main\AndroidManifest.xml:18:9-28:20
	android:screenOrientation
		ADDED from src\main\AndroidManifest.xml:21:13-49
	android:label
		ADDED from src\main\AndroidManifest.xml:22:13-45
	android:launchMode
		ADDED from src\main\AndroidManifest.xml:20:13-43
	android:name
		ADDED from src\main\AndroidManifest.xml:19:13-67
intent-filter#android.intent.action.MAIN+android.intent.category.LAUNCHER
ADDED from src\main\AndroidManifest.xml:23:13-27:29
action#android.intent.action.MAIN
ADDED from src\main\AndroidManifest.xml:24:17-69
	android:name
		ADDED from src\main\AndroidManifest.xml:24:25-66
category#android.intent.category.LAUNCHER
ADDED from src\main\AndroidManifest.xml:26:17-77
	android:name
		ADDED from src\main\AndroidManifest.xml:26:27-74
activity#ashishgru.acagild.todolist.AddToDoActivity
ADDED from src\main\AndroidManifest.xml:30:9-33:15
	android:screenOrientation
		ADDED from src\main\AndroidManifest.xml:31:13-49
	android:parentActivityName
		ADDED from src\main\AndroidManifest.xml:32:13-81
	android:name
		ADDED from src\main\AndroidManifest.xml:30:19-76
activity#ashishgru.acagild.todolist.AboutActivity
ADDED from src\main\AndroidManifest.xml:35:9-38:15
	android:label
		ADDED from src\main\AndroidManifest.xml:36:13-45
	android:parentActivityName
		ADDED from src\main\AndroidManifest.xml:37:13-81
	android:name
		ADDED from src\main\AndroidManifest.xml:35:19-74
activity#ashishgru.acagild.todolist.ReminderActivity
ADDED from src\main\AndroidManifest.xml:40:9-42:15
	android:label
		ADDED from src\main\AndroidManifest.xml:41:13-45
	android:name
		ADDED from src\main\AndroidManifest.xml:40:19-77
service#ashishgru.acagild.todolist.TodoNotificationService
ADDED from src\main\AndroidManifest.xml:44:9-45:15
	android:name
		ADDED from src\main\AndroidManifest.xml:44:18-83
service#ashishgru.acagild.todolist.DeleteNotificationService
ADDED from src\main\AndroidManifest.xml:46:9-47:15
	android:name
		ADDED from src\main\AndroidManifest.xml:46:18-85
activity#ashishgru.acagild.todolist.SettingsActivity
ADDED from src\main\AndroidManifest.xml:48:9-51:15
	android:parentActivityName
		ADDED from src\main\AndroidManifest.xml:49:13-81
	android:name
		ADDED from src\main\AndroidManifest.xml:48:19-77
uses-sdk
INJECTED from src\main\AndroidManifest.xml reason: use-sdk injection requested
MERGED from [uk.co.chrisjenx:calligraphy:2.1.0] AndroidManifest.xml:7:5-9:41
MERGED from [com.github.ganfra:material-spinner:1.1.0] AndroidManifest.xml:6:5-8:41
MERGED from [com.wdullaer:materialdatetimepicker:1.5.1] AndroidManifest.xml:22:5-24:41
MERGED from [com.amulyakhare:com.amulyakhare.textdrawable:1.0.1] AndroidManifest.xml:8:5-10:41
MERGED from [com.android.support:design:23.1.0] AndroidManifest.xml:20:5-43
MERGED from [com.android.support:recyclerview-v7:23.1.0] AndroidManifest.xml:20:5-43
MERGED from [com.android.support:appcompat-v7:23.1.0] AndroidManifest.xml:20:5-43
MERGED from [com.android.support:support-v13:23.1.0] AndroidManifest.xml:20:5-44
MERGED from [com.android.support:support-v4:23.1.0] AndroidManifest.xml:20:5-43
	android:targetSdkVersion
		INJECTED from src\main\AndroidManifest.xml
		INJECTED from src\main\AndroidManifest.xml
	android:minSdkVersion
		INJECTED from src\main\AndroidManifest.xml
		INJECTED from src\main\AndroidManifest.xml
uses-permission#android.permission.VIBRATE
ADDED from [com.wdullaer:materialdatetimepicker:1.5.1] AndroidManifest.xml:26:5-66
	android:name
		ADDED from [com.wdullaer:materialdatetimepicker:1.5.1] AndroidManifest.xml:26:22-63